C51 COMPILER V9.60.0.0   LED                                                               10/27/2021 19:54:08 PAGE 1   


C51 COMPILER V9.60.0.0, COMPILATION OF MODULE LED
OBJECT MODULE PLACED IN .\Objects\LED.obj
COMPILER INVOKED BY: C:\Keil_v5\C51\BIN\C51.EXE LED.c OPTIMIZE(8,SPEED) BROWSE DEBUG OBJECTEXTEND PRINT(.\Listings\LED.l
                    -st) TABS(2) OBJECT(.\Objects\LED.obj)

line level    source

   1          #include "reg51.h"
   2          
   3          sbit LED1=P2^0;
   4          sbit LED2=P2^1;
   5          sbit LED3=P2^2;
   6          sbit LED4=P2^3;
   7          sbit LED5=P0^0;
   8          sbit LED6=P0^1;
   9          sbit LED7=P0^2;
  10          sbit LED8=P0^3;
  11          
  12          typedef unsigned char u8;
  13          typedef signed char s8;
  14          typedef unsigned int uint16;
  15          typedef signed char sint16;
  16          
  17          void delay_ms(uint16 ms)
  18          {
  19   1        unsigned char i;
  20   1          for(;ms>0;ms--)
  21   1          {
  22   2          for(i=250;i>0;i--);
  23   2          for(i=250;i>0;i--);
  24   2          }
  25   1      
  26   1      }
  27          
  28          void LED_clock()
  29          {    
  30   1        P2=~0X1;
  31   1      delay_ms(500);
  32   1        P2=~0X2;
  33   1      delay_ms(1000);
  34   1        P2=~0X4;
  35   1        delay_ms(500);
  36   1        P2=~0X8;
  37   1      delay_ms(500);
  38   1      }
  39          void LED_anticlock()
  40          {
  41   1        P0=~0XE;
  42   1      delay_ms(500);
  43   1        P0=~0XD;
  44   1      delay_ms(500);  
  45   1        P0=~0XB;
  46   1      delay_ms(500);
  47   1        P0=~0X7;
  48   1      delay_ms(500);
  49   1      }
  50          
  51          int main()
  52          {
  53   1      while(1)
  54   1      {
C51 COMPILER V9.60.0.0   LED                                                               10/27/2021 19:54:08 PAGE 2   

  55   2        LED_clock();
  56   2        
  57   2         // LED_anticlock();
  58   2        
  59   2      }
  60   1      }


MODULE INFORMATION:   STATIC OVERLAYABLE
   CODE SIZE        =    116    ----
   CONSTANT SIZE    =   ----    ----
   XDATA SIZE       =   ----    ----
   PDATA SIZE       =   ----    ----
   DATA SIZE        =   ----    ----
   IDATA SIZE       =   ----    ----
   BIT SIZE         =   ----    ----
END OF MODULE INFORMATION.


C51 COMPILATION COMPLETE.  0 WARNING(S),  0 ERROR(S)
