C51 COMPILER V9.60.0.0   LED_DRIVER                                                        10/27/2021 19:47:25 PAGE 1   


C51 COMPILER V9.60.0.0, COMPILATION OF MODULE LED_DRIVER
OBJECT MODULE PLACED IN .\Objects\LED_driver.obj
COMPILER INVOKED BY: C:\Keil_v5\C51\BIN\C51.EXE D:\Study\Vector Code\home\v18be9l1\lalit\8051\Embedded C\class\LED\LED_d
                    -river.c OPTIMIZE(8,SPEED) BROWSE DEBUG OBJECTEXTEND PRINT(.\Listings\LED_driver.lst) TABS(2) OBJECT(.\Objects\LED_driver
                    -.obj)

line level    source

   1          #include "reg51.h"
   2          #include "LED_define.h"
*** ERROR C141 IN LINE 16 OF D:\Study\Vector Code\home\v18be9l1\lalit\8051\Embedded C\class\LED\LED_define.h: syntax err
             -or near 'port', expected ')'
   3          #include "delay.c"
*** ERROR C141 IN LINE 16 OF D:\Study\Vector Code\home\v18be9l1\lalit\8051\Embedded C\class\LED\LED_define.h: syntax err
             -or near 'port', expected ')'
*** ERROR C141 IN LINE 4 OF D:\Study\Vector Code\home\v18be9l1\lalit\8051\Embedded C\class\LED\led_header.h: syntax erro
             -r near 'ms', expected ')'
*** ERROR C141 IN LINE 5 OF D:\Study\Vector Code\home\v18be9l1\lalit\8051\Embedded C\class\LED\led_header.h: syntax erro
             -r near 'port', expected ')'
*** ERROR C141 IN LINE 2 OF D:\Study\Vector Code\home\v18be9l1\lalit\8051\Embedded C\class\LED\delay.c: syntax error nea
             -r 'ms', expected ')'
*** ERROR C202 IN LINE 5 OF D:\Study\Vector Code\home\v18be9l1\lalit\8051\Embedded C\class\LED\delay.c: 'ms': undefined 
             -identifier
   4          sbit LED1=P2^0;
   5          sbit LED2=P2^1;
   6          sbit LED3=P2^2;
   7          sbit LED4=P2^3;
   8          sbit LED5=P0^0;
   9          sbit LED6=P0^1;
  10          sbit LED7=P0^2;
  11          sbit LED8=P0^3;
  12          
  13          void LED_clock()
  14          {    
  15   1        P2=~0X1;
  16   1      delay_ms(500);
  17   1        P2=~0X2;
  18   1      delay_ms(1000);
  19   1        P2=~0X4;
  20   1        delay_ms(500);
  21   1        P2=~0X8;
  22   1      delay_ms(500);
  23   1      }
  24          void LED_anticlock()
  25          {
  26   1        P0=~0XE;
  27   1      delay_ms(500);
  28   1        P0=~0XD;
  29   1      delay_ms(500);  
  30   1        P0=~0XB;
  31   1      delay_ms(500);
  32   1        P0=~0X7;
  33   1      delay_ms(500);
  34   1      }
  35          
  36          
  37          void io_byte_write(u8 port,u8 val)
*** ERROR C141 IN LINE 37 OF D:\Study\Vector Code\home\v18be9l1\lalit\8051\Embedded C\class\LED\LED_driver.c: syntax err
             -or near 'port', expected ')'
  38          {
  39   1        switch(port)
C51 COMPILER V9.60.0.0   LED_DRIVER                                                        10/27/2021 19:47:25 PAGE 2   

*** ERROR C202 IN LINE 39 OF D:\Study\Vector Code\home\v18be9l1\lalit\8051\Embedded C\class\LED\LED_driver.c: 'port': un
             -defined identifier
  40   1        {
  41   2          #ifdef PORT0
  42   2          case PORT0:P0=val;break;
*** ERROR C202 IN LINE 42 OF D:\Study\Vector Code\home\v18be9l1\lalit\8051\Embedded C\class\LED\LED_driver.c: 'val': und
             -efined identifier
  43   2          #endif
  44   2          #ifdef PORT1
  45   2          case PORT1:P1=val;break;
*** ERROR C202 IN LINE 45 OF D:\Study\Vector Code\home\v18be9l1\lalit\8051\Embedded C\class\LED\LED_driver.c: 'val': und
             -efined identifier
  46   2          #endif
  47   2          #ifdef PORT2
  48   2          case PORT2:P2=val;break;
*** ERROR C202 IN LINE 48 OF D:\Study\Vector Code\home\v18be9l1\lalit\8051\Embedded C\class\LED\LED_driver.c: 'val': und
             -efined identifier
  49   2          #endif
  50   2          #ifdef PORT3
  51   2          case PORT3:P3=val;break;
*** ERROR C202 IN LINE 51 OF D:\Study\Vector Code\home\v18be9l1\lalit\8051\Embedded C\class\LED\LED_driver.c: 'val': und
             -efined identifier
  52   2          #endif
  53   2        }
  54   1      }
  55          
  56          
  57          
  58          void io_write(u8 PORT,u8 pin,u8 val)
*** ERROR C141 IN LINE 58 OF D:\Study\Vector Code\home\v18be9l1\lalit\8051\Embedded C\class\LED\LED_driver.c: syntax err
             -or near 'PORT', expected ')'
  59          {
  60   1        switch(PORT)
*** ERROR C202 IN LINE 60 OF D:\Study\Vector Code\home\v18be9l1\lalit\8051\Embedded C\class\LED\LED_driver.c: 'PORT': un
             -defined identifier
  61   1        {
  62   2            #ifdef PORT0
  63   2          case PORT0:if(val==1)
*** ERROR C202 IN LINE 63 OF D:\Study\Vector Code\home\v18be9l1\lalit\8051\Embedded C\class\LED\LED_driver.c: 'val': und
             -efined identifier
  64   2                    P0 |=(1<<pin);
*** ERROR C202 IN LINE 64 OF D:\Study\Vector Code\home\v18be9l1\lalit\8051\Embedded C\class\LED\LED_driver.c: 'pin': und
             -efined identifier
  65   2                    else
  66   2                    P0 &=~(1<<pin);
*** ERROR C202 IN LINE 66 OF D:\Study\Vector Code\home\v18be9l1\lalit\8051\Embedded C\class\LED\LED_driver.c: 'pin': und
             -efined identifier
  67   2                    break;
  68   2        #endif
  69   2          #ifdef PORT1
  70   2          case PORT1:if(val==1)
*** ERROR C202 IN LINE 70 OF D:\Study\Vector Code\home\v18be9l1\lalit\8051\Embedded C\class\LED\LED_driver.c: 'val': und
             -efined identifier
  71   2                    P1 |=(1<<pin);
*** ERROR C202 IN LINE 71 OF D:\Study\Vector Code\home\v18be9l1\lalit\8051\Embedded C\class\LED\LED_driver.c: 'pin': und
             -efined identifier
  72   2                    else
  73   2                    P1 &=~(1<<pin);
*** ERROR C202 IN LINE 73 OF D:\Study\Vector Code\home\v18be9l1\lalit\8051\Embedded C\class\LED\LED_driver.c: 'pin': und
             -efined identifier
  74   2                    break;
  75   2          #endif
C51 COMPILER V9.60.0.0   LED_DRIVER                                                        10/27/2021 19:47:25 PAGE 3   

  76   2         #ifdef PORT2
  77   2          case PORT2:if(val==1)
*** ERROR C202 IN LINE 77 OF D:\Study\Vector Code\home\v18be9l1\lalit\8051\Embedded C\class\LED\LED_driver.c: 'val': und
             -efined identifier
  78   2                    P2 |=(1<<pin);
*** ERROR C202 IN LINE 78 OF D:\Study\Vector Code\home\v18be9l1\lalit\8051\Embedded C\class\LED\LED_driver.c: 'pin': und
             -efined identifier
  79   2                    else
  80   2                    P2 &=~(1<<pin);
*** ERROR C202 IN LINE 80 OF D:\Study\Vector Code\home\v18be9l1\lalit\8051\Embedded C\class\LED\LED_driver.c: 'pin': und
             -efined identifier
  81   2                    break;
  82   2          #endif
  83   2          #ifdef PORT3
  84   2          case PORT3:if(val==1)
*** ERROR C202 IN LINE 84 OF D:\Study\Vector Code\home\v18be9l1\lalit\8051\Embedded C\class\LED\LED_driver.c: 'val': und
             -efined identifier
  85   2                    P3 |=(1<<pin);
*** ERROR C202 IN LINE 85 OF D:\Study\Vector Code\home\v18be9l1\lalit\8051\Embedded C\class\LED\LED_driver.c: 'pin': und
             -efined identifier
  86   2                    else
  87   2                    P3 &=~(1<<pin);
*** ERROR C202 IN LINE 87 OF D:\Study\Vector Code\home\v18be9l1\lalit\8051\Embedded C\class\LED\LED_driver.c: 'pin': und
             -efined identifier
  88   2                    break;
  89   2          #endif
  90   2        }
  91   1      }
  92          
  93          

C51 COMPILATION COMPLETE.  0 WARNING(S),  26 ERROR(S)
